build/app/outputs/mapping/release/mapping.txt
# compiler: R8
# compiler_version: 1.5.64
# min_api: 16
# pg_map_id: 6968809
...
com.google.firebase.firestore.core.ViewSnapshot -> b.c.d.q.p0.e1:
    java.util.List changes -> d
    boolean isFromCache -> e
    boolean didSyncStateChange -> g
    com.google.firebase.database.collection.ImmutableSortedSet mutatedKeys -> f
    boolean excludesMetadataChanges -> h
    com.google.firebase.firestore.model.DocumentSet documents -> b
    com.google.firebase.firestore.core.Query query -> a
    com.google.firebase.firestore.model.DocumentSet oldDocuments -> c
    boolean didSyncStateChange() -> a
    com.google.firebase.firestore.core.ViewSnapshot fromInitialDocuments(com.google.firebase.firestore.core.Query,com.google.firebase.firestore.model.DocumentSet,com.google.firebase.database.collection.ImmutableSortedSet,boolean,boolean) -> a
    boolean excludesMetadataChanges() -> b
    java.util.List getChanges() -> c
    com.google.firebase.firestore.model.DocumentSet getDocuments() -> d
    com.google.firebase.database.collection.ImmutableSortedSet getMutatedKeys() -> e
    com.google.firebase.firestore.model.DocumentSet getOldDocuments() -> f
    com.google.firebase.firestore.core.Query getQuery() -> g
    boolean hasPendingWrites() -> h
    boolean isFromCache() -> i
com.google.firebase.firestore.core.ViewSnapshot$SyncState -> b.c.d.q.p0.e1$a:
    com.google.firebase.firestore.core.ViewSnapshot$SyncState LOCAL -> b
    com.google.firebase.firestore.core.ViewSnapshot$SyncState NONE -> a
    com.google.firebase.firestore.core.ViewSnapshot$SyncState SYNCED -> c
    com.google.firebase.firestore.core.ViewSnapshot$SyncState[] $VALUES -> d
com.google.firebase.firestore.local.DocumentReference -> b.c.d.q.q0.c:
    java.util.Comparator BY_TARGET -> d
    java.util.Comparator BY_KEY -> c
    int targetOrBatchId -> b
    com.google.firebase.firestore.model.DocumentKey key -> a
    int getId() -> a
    int lambda$static$0(com.google.firebase.firestore.local.DocumentReference,com.google.firebase.firestore.local.DocumentReference) -> a
    com.google.firebase.firestore.model.DocumentKey getKey() -> b
    int lambda$static$1(com.google.firebase.firestore.local.DocumentReference,com.google.firebase.firestore.local.DocumentReference) -> b
com.google.firebase.firestore.local.DocumentReference$$Lambda$1 -> b.c.d.q.q0.a:
    com.google.firebase.firestore.local.DocumentReference$$Lambda$1 instance -> a
    java.util.Comparator lambdaFactory$() -> a
com.google.firebase.firestore.local.DocumentReference$$Lambda$2 -> b.c.d.q.q0.b:
    com.google.firebase.firestore.local.DocumentReference$$Lambda$2 instance -> a
    java.util.Comparator lambdaFactory$() -> a
com.google.firebase.firestore.local.EncodedPath -> b.c.d.q.q0.d:
    java.util.List decode(java.lang.String) -> a
    java.lang.String encode(com.google.firebase.firestore.model.BasePath) -> a
    void encodeSegment(java.lang.String,java.lang.StringBuilder) -> a
    void encodeSeparator(java.lang.StringBuilder) -> a
    com.google.firebase.firestore.model.ResourcePath decodeResourcePath(java.lang.String) -> b
    java.lang.String prefixSuccessor(java.lang.String) -> c